TN:
SF:src/modules/users/services/AuthenticateUserService.ts
FN:22,AuthenticateUserService
FN:30,Object.<anonymous>.AuthenticateUserService.execute
FNF:2
FNH:2
FNDA:3,AuthenticateUserService
FNDA:3,Object.<anonymous>.AuthenticateUserService.execute
DA:1,1
DA:2,1
DA:3,1
DA:4,1
DA:5,1
DA:6,1
DA:7,1
DA:8,1
DA:9,1
DA:10,1
DA:11,1
DA:12,1
DA:13,1
DA:14,1
DA:15,1
DA:16,1
DA:17,1
DA:18,1
DA:19,1
DA:20,1
DA:21,1
DA:22,1
DA:23,3
DA:24,3
DA:25,3
DA:26,3
DA:27,3
DA:28,3
DA:29,1
DA:30,1
DA:31,3
DA:32,3
DA:33,3
DA:34,1
DA:35,1
DA:36,2
DA:37,2
DA:38,2
DA:39,2
DA:40,2
DA:41,3
DA:42,3
DA:43,1
DA:44,1
DA:45,1
DA:46,1
DA:47,1
DA:48,1
DA:49,1
DA:50,1
DA:51,1
DA:52,1
DA:53,1
DA:54,1
DA:55,1
DA:56,1
DA:57,3
DA:58,1
DA:59,1
DA:60,1
LF:60
LH:60
BRDA:21,0,0,1
BRDA:22,1,0,3
BRDA:30,2,0,3
BRDA:31,3,0,3
BRDA:33,4,0,1
BRDA:36,5,0,2
BRDA:42,6,0,1
BRF:7
BRH:7
end_of_record
TN:
SF:src/modules/users/services/CreateUserService.ts
FN:16,CreateUserService
FN:24,Object.<anonymous>.CreateUserService.execute
FNF:2
FNH:2
FNDA:5,CreateUserService
FNDA:5,Object.<anonymous>.CreateUserService.execute
DA:1,1
DA:2,1
DA:3,1
DA:4,1
DA:5,1
DA:6,1
DA:7,1
DA:8,1
DA:9,1
DA:10,1
DA:11,1
DA:12,1
DA:13,1
DA:14,1
DA:15,2
DA:16,2
DA:17,5
DA:18,5
DA:19,5
DA:20,5
DA:21,5
DA:22,5
DA:23,2
DA:24,2
DA:25,5
DA:26,5
DA:27,5
DA:28,1
DA:29,1
DA:30,4
DA:31,4
DA:32,5
DA:33,5
DA:34,5
DA:35,5
DA:36,5
DA:37,5
DA:38,5
DA:39,5
DA:40,5
DA:41,2
DA:42,1
DA:43,1
LF:43
LH:43
BRDA:15,0,0,2
BRDA:16,1,0,5
BRDA:24,2,0,5
BRDA:25,3,0,5
BRDA:27,4,0,1
BRDA:30,5,0,4
BRF:6
BRH:6
end_of_record
TN:
SF:src/modules/users/services/ResetPasswordService.ts
FN:17,ResetPasswordService
FN:28,Object.<anonymous>.ResetPasswordService.execute
FNF:2
FNH:2
FNDA:4,ResetPasswordService
FNDA:4,Object.<anonymous>.ResetPasswordService.execute
DA:1,1
DA:2,1
DA:3,1
DA:4,1
DA:5,1
DA:6,1
DA:7,1
DA:8,1
DA:9,1
DA:10,1
DA:11,1
DA:12,1
DA:13,1
DA:14,1
DA:15,1
DA:16,1
DA:17,1
DA:18,4
DA:19,4
DA:20,4
DA:21,4
DA:22,4
DA:23,4
DA:24,4
DA:25,4
DA:26,4
DA:27,1
DA:28,1
DA:29,4
DA:30,4
DA:31,4
DA:32,0
DA:33,0
DA:34,3
DA:35,3
DA:36,4
DA:37,4
DA:38,1
DA:39,1
DA:40,2
DA:41,2
DA:42,2
DA:43,2
DA:44,4
DA:45,1
DA:46,1
DA:47,1
DA:48,1
DA:49,4
DA:50,4
DA:51,4
DA:52,1
DA:53,1
DA:54,1
LF:54
LH:52
BRDA:16,0,0,1
BRDA:17,1,0,4
BRDA:28,2,0,4
BRDA:29,3,0,4
BRDA:31,4,0,0
BRDA:34,5,0,3
BRDA:37,6,0,1
BRDA:40,7,0,2
BRDA:44,8,0,1
BRF:9
BRH:8
end_of_record
TN:
SF:src/modules/users/services/ShowProfileService.ts
FN:13,ShowProfileService
FN:18,Object.<anonymous>.ShowProfileService.execute
FNF:2
FNH:2
FNDA:2,ShowProfileService
FNDA:2,Object.<anonymous>.ShowProfileService.execute
DA:1,1
DA:2,1
DA:3,1
DA:4,1
DA:5,1
DA:6,1
DA:7,1
DA:8,1
DA:9,1
DA:10,1
DA:11,1
DA:12,1
DA:13,1
DA:14,2
DA:15,2
DA:16,2
DA:17,1
DA:18,1
DA:19,2
DA:20,2
DA:21,2
DA:22,1
DA:23,1
DA:24,1
DA:25,1
DA:26,2
DA:27,1
DA:28,1
DA:29,1
LF:29
LH:29
BRDA:12,0,0,1
BRDA:13,1,0,2
BRDA:18,2,0,2
BRDA:19,3,0,2
BRDA:21,4,0,1
BRF:5
BRH:5
end_of_record
TN:
SF:src/modules/users/services/UpdateProfileService.ts
FN:18,UpdateProfileService
FN:26,Object.<anonymous>.UpdateProfileService.execute
FNF:2
FNH:2
FNDA:6,UpdateProfileService
FNDA:6,Object.<anonymous>.UpdateProfileService.execute
DA:1,1
DA:2,1
DA:3,1
DA:4,1
DA:5,1
DA:6,1
DA:7,1
DA:8,1
DA:9,1
DA:10,1
DA:11,1
DA:12,1
DA:13,1
DA:14,1
DA:15,1
DA:16,1
DA:17,1
DA:18,1
DA:19,6
DA:20,6
DA:21,6
DA:22,6
DA:23,6
DA:24,6
DA:25,1
DA:26,1
DA:27,6
DA:28,6
DA:29,6
DA:30,6
DA:31,6
DA:32,6
DA:33,6
DA:34,6
DA:35,6
DA:36,1
DA:37,1
DA:38,5
DA:39,5
DA:40,6
DA:41,6
DA:42,1
DA:43,1
DA:44,4
DA:45,4
DA:46,4
DA:47,4
DA:48,6
DA:49,1
DA:50,1
DA:51,3
DA:52,6
DA:53,2
DA:54,2
DA:55,2
DA:56,2
DA:57,6
DA:58,6
DA:59,1
DA:60,1
DA:61,1
DA:62,1
DA:63,6
DA:64,6
DA:65,6
DA:66,6
DA:67,1
DA:68,1
DA:69,1
LF:69
LH:69
BRDA:17,0,0,1
BRDA:18,1,0,6
BRDA:26,2,0,6
BRDA:33,3,0,6
BRDA:35,4,0,1
BRDA:38,5,0,5
BRDA:41,6,0,1
BRDA:41,7,0,1
BRDA:44,8,0,4
BRDA:48,9,0,3
BRDA:48,10,0,1
BRDA:51,11,0,3
BRDA:52,12,0,2
BRDA:52,13,0,1
BRDA:52,14,0,2
BRDA:58,15,0,1
BRDA:65,16,0,2
BRF:17
BRH:17
end_of_record
